Reading input reactions...
1 GZJM, 2 CQFGM, 20 SNPQ, 7 RVQG, 3 FBTV, 27 SQLH, 10 HFGCF, 3 ZQCH => 3 SZCN
4 FCDL, 6 NVPW, 21 GZJM, 1 FBTV, 1 NLSNB, 7 HFGCF, 3 SNPQ => 1 LRPK
15 FVHTD, 2 HBGFL => 4 BCVLZ
4 GFGS => 4 RVQG
5 BCVLZ, 4 LBQV => 7 TWSRV
6 DWKTF, 4 VCKL => 4 KDJV
16 WZJB => 4 RBGJQ
8 RBGJQ, 5 FCDL, 2 LWBQ => 1 MWSX
100 ORE => 7 WBRL
7 PGZGQ => 5 FVHTD
1 JCDML, 2 TWSRV => 9 JSQSB
3 WZJB, 1 NXNR => 6 XFPVS
7 JPCPK => 8 JCDML
11 LWBQ, 8 XFPVS => 9 PSPFR
2 TWSRV => 8 NVPW
2 LBQV => 1 PMJFD
2 LCZBD => 3 FBTV
1 WBQC, 1 ZPNKQ => 8 JPCPK
44 HFGCF, 41 PSPFR, 26 LMSCR, 14 MLMDC, 6 BWTHK, 3 PRKPC, 13 LRPK, 50 MWSX, 8 SZCN => 1 FUEL
1 XFPVS => 4 BJRSZ
1 GWBDR, 1 MBQC => 4 HZPRB
2 BJRSZ, 9 KDJV, 1 XFPVS => 8 SNVL
7 PMJFD, 30 SNVL, 1 BJRSZ => 2 JMTG
8 SNVL, 1 RBGJQ => 9 FCDL
2 HZPRB => 6 NLSNB
2 GRDG => 9 VCKL
1 FVHTD => 9 WZJB
130 ORE => 2 GRDG
3 WZJB, 1 GFGS, 1 NXNR => 9 SNPQ
9 VCKL => 5 WBQC
1 WBRL, 11 FPMPB => 7 PGZGQ
118 ORE => 3 LMSCR
3 SQLH, 1 PMJFD, 4 XJBL => 7 MLMDC
1 LMSCR, 10 GRDG => 2 TBDH
6 DWKTF => 2 SQLH
2 BJRSZ, 1 PGZGQ, 3 NXNR => 7 MBQC
5 PRKPC => 7 NXNR
9 SQLH => 5 LCZBD
1 FCDL => 9 CQFGM
5 PGZGQ, 1 TBDH => 8 HBGFL
15 JSQSB => 5 HFGCF
2 PGZGQ, 1 VCKL => 4 ZPNKQ
3 FBTV, 3 JMTG => 5 QLHKT
1 ZGZST, 2 LCZBD => 7 GFGS
2 RVQG => 4 ZQCH
1 ZPNKQ => 5 LBQV
3 LWBQ => 8 XJBL
1 LBQV, 9 JCDML => 3 GWBDR
8 VCKL, 6 FVHTD => 9 DWKTF
3 JCDML => 3 ZGZST
160 ORE => 5 FPMPB
3 SQLH, 22 LBQV, 5 BCVLZ => 6 PRKPC
1 WZJB => 2 GZJM
10 ZGZST => 2 LWBQ
5 TBDH, 19 NXNR, 9 QLHKT, 2 KDJV, 1 SQLH, 1 GWBDR, 6 HFGCF => 4 BWTHK
... finished reading input reactions.
REQUIRE: HFGCF 44
REQUIRE: JSQSB 135
REQUIRE: JCDML 15
REQUIRE: JPCPK 14
REQUIRE: WBQC 2
REQUIRE: VCKL 9
REQUIRE: GRDG 2
REQUIRE: ORE 130
REQUIRE: ZPNKQ 2
REQUIRE: PGZGQ 2
REQUIRE: WBRL 1
REQUIRE: ORE 100
REQUIRE: FPMPB 11
REQUIRE: ORE 480
REQUIRE: VCKL 1
REQUIRE: GRDG 2
REQUIRE: ORE 130
REQUIRE: TWSRV 30
REQUIRE: BCVLZ 25
REQUIRE: FVHTD 105
REQUIRE: PGZGQ 147
REQUIRE: WBRL 21
REQUIRE: ORE 300
REQUIRE: FPMPB 231
REQUIRE: ORE 7520
REQUIRE: HBGFL 14
REQUIRE: PGZGQ 10
REQUIRE: WBRL 2
REQUIRE: ORE 100
REQUIRE: FPMPB 22
REQUIRE: ORE 800
REQUIRE: TBDH 2
REQUIRE: LMSCR 1
REQUIRE: ORE 118
REQUIRE: GRDG 10
REQUIRE: ORE 650
REQUIRE: LBQV 20
REQUIRE: ZPNKQ 4
REQUIRE: PGZGQ 2
REQUIRE: WBRL 1
REQUIRE: ORE 100
REQUIRE: FPMPB 11
REQUIRE: ORE 480
REQUIRE: VCKL 1
REQUIRE: GRDG 2
REQUIRE: ORE 130
REQUIRE: PSPFR 41
REQUIRE: LWBQ 55
REQUIRE: ZGZST 280
REQUIRE: JCDML 282
REQUIRE: JPCPK 252
REQUIRE: WBQC 32
REQUIRE: VCKL 63
REQUIRE: GRDG 14
REQUIRE: ORE 910
REQUIRE: ZPNKQ 32
REQUIRE: PGZGQ 16
REQUIRE: WBRL 3
REQUIRE: ORE 100
REQUIRE: FPMPB 33
REQUIRE: ORE 1120
REQUIRE: VCKL 8
REQUIRE: GRDG 2
REQUIRE: ORE 130
REQUIRE: XFPVS 40
REQUIRE: WZJB 21
REQUIRE: FVHTD 3
REQUIRE: PGZGQ 7
REQUIRE: WBRL 1
REQUIRE: ORE 100
REQUIRE: FPMPB 11
REQUIRE: ORE 480
REQUIRE: NXNR 7
REQUIRE: PRKPC 5
REQUIRE: SQLH 3
REQUIRE: DWKTF 12
REQUIRE: VCKL 16
REQUIRE: GRDG 4
REQUIRE: ORE 260
REQUIRE: FVHTD 12
REQUIRE: PGZGQ 21
REQUIRE: WBRL 3
REQUIRE: ORE 100
REQUIRE: FPMPB 33
REQUIRE: ORE 1120
REQUIRE: LBQV 22
REQUIRE: ZPNKQ 5
REQUIRE: PGZGQ 4
REQUIRE: WBRL 1
REQUIRE: ORE 100
REQUIRE: FPMPB 11
REQUIRE: ORE 480
REQUIRE: VCKL 2
REQUIRE: GRDG 2
REQUIRE: ORE 130
REQUIRE: BCVLZ 5
REQUIRE: FVHTD 30
REQUIRE: PGZGQ 42
REQUIRE: WBRL 6
REQUIRE: ORE 100
REQUIRE: FPMPB 66
REQUIRE: ORE 2240
REQUIRE: HBGFL 4
REQUIRE: PGZGQ 5
REQUIRE: WBRL 1
REQUIRE: ORE 100
REQUIRE: FPMPB 11
REQUIRE: ORE 480
REQUIRE: TBDH 1
REQUIRE: LMSCR 1
REQUIRE: ORE 118
REQUIRE: GRDG 10
REQUIRE: ORE 650
REQUIRE: LMSCR 26
REQUIRE: ORE 1062
REQUIRE: MLMDC 14
REQUIRE: SQLH 6
REQUIRE: DWKTF 18
REQUIRE: VCKL 16
REQUIRE: GRDG 4
REQUIRE: ORE 260
REQUIRE: FVHTD 12
REQUIRE: PGZGQ 21
REQUIRE: WBRL 3
REQUIRE: ORE 100
REQUIRE: FPMPB 33
REQUIRE: ORE 1120
REQUIRE: PMJFD 2
REQUIRE: LBQV 4
REQUIRE: ZPNKQ 1
REQUIRE: PGZGQ 2
REQUIRE: WBRL 1
REQUIRE: ORE 100
REQUIRE: FPMPB 11
REQUIRE: ORE 480
REQUIRE: VCKL 1
REQUIRE: GRDG 2
REQUIRE: ORE 130
REQUIRE: XJBL 8
REQUIRE: LWBQ 3
REQUIRE: ZGZST 20
REQUIRE: JCDML 21
REQUIRE: JPCPK 21
REQUIRE: WBQC 3
REQUIRE: VCKL 9
REQUIRE: GRDG 2
REQUIRE: ORE 130
REQUIRE: ZPNKQ 3
REQUIRE: PGZGQ 2
REQUIRE: WBRL 1
REQUIRE: ORE 100
REQUIRE: FPMPB 11
REQUIRE: ORE 480
REQUIRE: VCKL 1
REQUIRE: GRDG 2
REQUIRE: ORE 130
REQUIRE: BWTHK 6
REQUIRE: TBDH 10
REQUIRE: LMSCR 5
REQUIRE: ORE 236
REQUIRE: GRDG 50
REQUIRE: ORE 3250
REQUIRE: NXNR 38
REQUIRE: PRKPC 30
REQUIRE: SQLH 15
REQUIRE: DWKTF 48
REQUIRE: VCKL 48
REQUIRE: GRDG 12
REQUIRE: ORE 780
REQUIRE: FVHTD 36
REQUIRE: PGZGQ 56
REQUIRE: WBRL 8
REQUIRE: ORE 200
REQUIRE: FPMPB 88
REQUIRE: ORE 2880
REQUIRE: LBQV 110
REQUIRE: ZPNKQ 22
REQUIRE: PGZGQ 12
REQUIRE: WBRL 2
REQUIRE: ORE 100
REQUIRE: FPMPB 22
REQUIRE: ORE 800
REQUIRE: VCKL 6
REQUIRE: GRDG 2
REQUIRE: ORE 130
REQUIRE: BCVLZ 25
REQUIRE: FVHTD 105
REQUIRE: PGZGQ 147
REQUIRE: WBRL 21
REQUIRE: ORE 300
REQUIRE: FPMPB 231
REQUIRE: ORE 7520
REQUIRE: HBGFL 14
REQUIRE: PGZGQ 10
REQUIRE: WBRL 2
REQUIRE: ORE 100
REQUIRE: FPMPB 22
REQUIRE: ORE 800
REQUIRE: TBDH 2
REQUIRE: LMSCR 1
REQUIRE: ORE 118
REQUIRE: GRDG 10
REQUIRE: ORE 650
REQUIRE: QLHKT 18
REQUIRE: FBTV 12
REQUIRE: LCZBD 8
REQUIRE: SQLH 18
REQUIRE: DWKTF 54
REQUIRE: VCKL 48
REQUIRE: GRDG 12
REQUIRE: ORE 780
REQUIRE: FVHTD 36
REQUIRE: PGZGQ 56
REQUIRE: WBRL 8
REQUIRE: ORE 200
REQUIRE: FPMPB 88
REQUIRE: ORE 2880
REQUIRE: JMTG 12
REQUIRE: PMJFD 42
REQUIRE: LBQV 84
REQUIRE: ZPNKQ 17
REQUIRE: PGZGQ 10
REQUIRE: WBRL 2
REQUIRE: ORE 100
REQUIRE: FPMPB 22
REQUIRE: ORE 800
REQUIRE: VCKL 5
REQUIRE: GRDG 2
REQUIRE: ORE 130
REQUIRE: SNVL 180
REQUIRE: BJRSZ 46
REQUIRE: XFPVS 12
REQUIRE: WZJB 6
REQUIRE: FVHTD 1
REQUIRE: PGZGQ 7
REQUIRE: WBRL 1
REQUIRE: ORE 100
REQUIRE: FPMPB 11
REQUIRE: ORE 480
REQUIRE: NXNR 2
REQUIRE: PRKPC 5
REQUIRE: SQLH 3
REQUIRE: DWKTF 12
REQUIRE: VCKL 16
REQUIRE: GRDG 4
REQUIRE: ORE 260
REQUIRE: FVHTD 12
REQUIRE: PGZGQ 21
REQUIRE: WBRL 3
REQUIRE: ORE 100
REQUIRE: FPMPB 33
REQUIRE: ORE 1120
REQUIRE: LBQV 22
REQUIRE: ZPNKQ 5
REQUIRE: PGZGQ 4
REQUIRE: WBRL 1
REQUIRE: ORE 100
REQUIRE: FPMPB 11
REQUIRE: ORE 480
REQUIRE: VCKL 2
REQUIRE: GRDG 2
REQUIRE: ORE 130
REQUIRE: BCVLZ 5
REQUIRE: FVHTD 30
REQUIRE: PGZGQ 42
REQUIRE: WBRL 6
REQUIRE: ORE 100
REQUIRE: FPMPB 66
REQUIRE: ORE 2240
REQUIRE: HBGFL 4
REQUIRE: PGZGQ 5
REQUIRE: WBRL 1
REQUIRE: ORE 100
REQUIRE: FPMPB 11
REQUIRE: ORE 480
REQUIRE: TBDH 1
REQUIRE: LMSCR 1
REQUIRE: ORE 118
REQUIRE: GRDG 10
REQUIRE: ORE 650
REQUIRE: KDJV 207
REQUIRE: DWKTF 312
REQUIRE: VCKL 280
REQUIRE: GRDG 64
REQUIRE: ORE 4160
REQUIRE: FVHTD 210
REQUIRE: PGZGQ 294
REQUIRE: WBRL 42
REQUIRE: ORE 600
REQUIRE: FPMPB 462
REQUIRE: ORE 14880
REQUIRE: VCKL 208
REQUIRE: GRDG 48
REQUIRE: ORE 3120
REQUIRE: XFPVS 23
REQUIRE: WZJB 12
REQUIRE: FVHTD 2
REQUIRE: PGZGQ 7
REQUIRE: WBRL 1
REQUIRE: ORE 100
REQUIRE: FPMPB 11
REQUIRE: ORE 480
REQUIRE: NXNR 4
REQUIRE: PRKPC 5
REQUIRE: SQLH 3
REQUIRE: DWKTF 12
REQUIRE: VCKL 16
REQUIRE: GRDG 4
REQUIRE: ORE 260
REQUIRE: FVHTD 12
REQUIRE: PGZGQ 21
REQUIRE: WBRL 3
REQUIRE: ORE 100
REQUIRE: FPMPB 33
REQUIRE: ORE 1120
REQUIRE: LBQV 22
REQUIRE: ZPNKQ 5
REQUIRE: PGZGQ 4
REQUIRE: WBRL 1
REQUIRE: ORE 100
REQUIRE: FPMPB 11
REQUIRE: ORE 480
REQUIRE: VCKL 2
REQUIRE: GRDG 2
REQUIRE: ORE 130
REQUIRE: BCVLZ 5
REQUIRE: FVHTD 30
REQUIRE: PGZGQ 42
REQUIRE: WBRL 6
REQUIRE: ORE 100
REQUIRE: FPMPB 66
REQUIRE: ORE 2240
REQUIRE: HBGFL 4
REQUIRE: PGZGQ 5
REQUIRE: WBRL 1
REQUIRE: ORE 100
REQUIRE: FPMPB 11
REQUIRE: ORE 480
REQUIRE: TBDH 1
REQUIRE: LMSCR 1
REQUIRE: ORE 118
REQUIRE: GRDG 10
REQUIRE: ORE 650
REQUIRE: BJRSZ 6
REQUIRE: XFPVS 2
REQUIRE: WZJB 3
REQUIRE: FVHTD 1
REQUIRE: PGZGQ 7
REQUIRE: WBRL 1
REQUIRE: ORE 100
REQUIRE: FPMPB 11
REQUIRE: ORE 480
REQUIRE: NXNR 1
REQUIRE: PRKPC 5
REQUIRE: SQLH 3
REQUIRE: DWKTF 12
REQUIRE: VCKL 16
REQUIRE: GRDG 4
REQUIRE: ORE 260
REQUIRE: FVHTD 12
REQUIRE: PGZGQ 21
REQUIRE: WBRL 3
REQUIRE: ORE 100
REQUIRE: FPMPB 33
REQUIRE: ORE 1120
REQUIRE: LBQV 22
REQUIRE: ZPNKQ 5
REQUIRE: PGZGQ 4
REQUIRE: WBRL 1
REQUIRE: ORE 100
REQUIRE: FPMPB 11
REQUIRE: ORE 480
REQUIRE: VCKL 2
REQUIRE: GRDG 2
REQUIRE: ORE 130
REQUIRE: BCVLZ 5
REQUIRE: FVHTD 30
REQUIRE: PGZGQ 42
REQUIRE: WBRL 6
REQUIRE: ORE 100
REQUIRE: FPMPB 66
REQUIRE: ORE 2240
REQUIRE: HBGFL 4
REQUIRE: PGZGQ 5
REQUIRE: WBRL 1
REQUIRE: ORE 100
REQUIRE: FPMPB 11
REQUIRE: ORE 480
REQUIRE: TBDH 1
REQUIRE: LMSCR 1
REQUIRE: ORE 118
REQUIRE: GRDG 10
REQUIRE: ORE 650
REQUIRE: KDJV 4
REQUIRE: DWKTF 6
REQUIRE: VCKL 8
REQUIRE: GRDG 2
REQUIRE: ORE 130
REQUIRE: FVHTD 6
REQUIRE: PGZGQ 14
REQUIRE: WBRL 2
REQUIRE: ORE 100
REQUIRE: FPMPB 22
REQUIRE: ORE 800
REQUIRE: VCKL 4
REQUIRE: GRDG 2
REQUIRE: ORE 130
REQUIRE: SQLH 2
REQUIRE: DWKTF 6
REQUIRE: VCKL 8
REQUIRE: GRDG 2
REQUIRE: ORE 130
REQUIRE: FVHTD 6
REQUIRE: PGZGQ 14
REQUIRE: WBRL 2
REQUIRE: ORE 100
REQUIRE: FPMPB 22
REQUIRE: ORE 800
REQUIRE: GWBDR 2
REQUIRE: LBQV 1
REQUIRE: ZPNKQ 1
REQUIRE: PGZGQ 2
REQUIRE: WBRL 1
REQUIRE: ORE 100
REQUIRE: FPMPB 11
REQUIRE: ORE 480
REQUIRE: VCKL 1
REQUIRE: GRDG 2
REQUIRE: ORE 130
REQUIRE: JCDML 9
REQUIRE: JPCPK 14
REQUIRE: WBQC 2
REQUIRE: VCKL 9
REQUIRE: GRDG 2
REQUIRE: ORE 130
REQUIRE: ZPNKQ 2
REQUIRE: PGZGQ 2
REQUIRE: WBRL 1
REQUIRE: ORE 100
REQUIRE: FPMPB 11
REQUIRE: ORE 480
REQUIRE: VCKL 1
REQUIRE: GRDG 2
REQUIRE: ORE 130
REQUIRE: HFGCF 12
REQUIRE: JSQSB 45
REQUIRE: JCDML 5
REQUIRE: JPCPK 7
REQUIRE: WBQC 1
REQUIRE: VCKL 9
REQUIRE: GRDG 2
REQUIRE: ORE 130
REQUIRE: ZPNKQ 1
REQUIRE: PGZGQ 2
REQUIRE: WBRL 1
REQUIRE: ORE 100
REQUIRE: FPMPB 11
REQUIRE: ORE 480
REQUIRE: VCKL 1
REQUIRE: GRDG 2
REQUIRE: ORE 130
REQUIRE: TWSRV 10
REQUIRE: BCVLZ 10
REQUIRE: FVHTD 45
REQUIRE: PGZGQ 63
REQUIRE: WBRL 9
REQUIRE: ORE 200
REQUIRE: FPMPB 99
REQUIRE: ORE 3200
REQUIRE: HBGFL 6
REQUIRE: PGZGQ 5
REQUIRE: WBRL 1
REQUIRE: ORE 100
REQUIRE: FPMPB 11
REQUIRE: ORE 480
REQUIRE: TBDH 1
REQUIRE: LMSCR 1
REQUIRE: ORE 118
REQUIRE: GRDG 10
REQUIRE: ORE 650
REQUIRE: LBQV 8
REQUIRE: ZPNKQ 2
REQUIRE: PGZGQ 2
REQUIRE: WBRL 1
REQUIRE: ORE 100
REQUIRE: FPMPB 11
REQUIRE: ORE 480
REQUIRE: VCKL 1
REQUIRE: GRDG 2
REQUIRE: ORE 130
REQUIRE: PRKPC 3
REQUIRE: SQLH 3
REQUIRE: DWKTF 12
REQUIRE: VCKL 16
REQUIRE: GRDG 4
REQUIRE: ORE 260
REQUIRE: FVHTD 12
REQUIRE: PGZGQ 21
REQUIRE: WBRL 3
REQUIRE: ORE 100
REQUIRE: FPMPB 33
REQUIRE: ORE 1120
REQUIRE: LBQV 22
REQUIRE: ZPNKQ 5
REQUIRE: PGZGQ 4
REQUIRE: WBRL 1
REQUIRE: ORE 100
REQUIRE: FPMPB 11
REQUIRE: ORE 480
REQUIRE: VCKL 2
REQUIRE: GRDG 2
REQUIRE: ORE 130
REQUIRE: BCVLZ 5
REQUIRE: FVHTD 30
REQUIRE: PGZGQ 42
REQUIRE: WBRL 6
REQUIRE: ORE 100
REQUIRE: FPMPB 66
REQUIRE: ORE 2240
REQUIRE: HBGFL 4
REQUIRE: PGZGQ 5
REQUIRE: WBRL 1
REQUIRE: ORE 100
REQUIRE: FPMPB 11
REQUIRE: ORE 480
REQUIRE: TBDH 1
REQUIRE: LMSCR 1
REQUIRE: ORE 118
REQUIRE: GRDG 10
REQUIRE: ORE 650
REQUIRE: LRPK 13
REQUIRE: FCDL 52
REQUIRE: SNVL 48
REQUIRE: BJRSZ 12
REQUIRE: XFPVS 3
REQUIRE: WZJB 3
REQUIRE: FVHTD 1
REQUIRE: PGZGQ 7
REQUIRE: WBRL 1
REQUIRE: ORE 100
REQUIRE: FPMPB 11
REQUIRE: ORE 480
REQUIRE: NXNR 1
REQUIRE: PRKPC 5
REQUIRE: SQLH 3
REQUIRE: DWKTF 12
REQUIRE: VCKL 16
REQUIRE: GRDG 4
REQUIRE: ORE 260
REQUIRE: FVHTD 12
REQUIRE: PGZGQ 21
REQUIRE: WBRL 3
REQUIRE: ORE 100
REQUIRE: FPMPB 33
REQUIRE: ORE 1120
REQUIRE: LBQV 22
REQUIRE: ZPNKQ 5
REQUIRE: PGZGQ 4
REQUIRE: WBRL 1
REQUIRE: ORE 100
REQUIRE: FPMPB 11
REQUIRE: ORE 480
REQUIRE: VCKL 2
REQUIRE: GRDG 2
REQUIRE: ORE 130
REQUIRE: BCVLZ 5
REQUIRE: FVHTD 30
REQUIRE: PGZGQ 42
REQUIRE: WBRL 6
REQUIRE: ORE 100
REQUIRE: FPMPB 66
REQUIRE: ORE 2240
REQUIRE: HBGFL 4
REQUIRE: PGZGQ 5
REQUIRE: WBRL 1
REQUIRE: ORE 100
REQUIRE: FPMPB 11
REQUIRE: ORE 480
REQUIRE: TBDH 1
REQUIRE: LMSCR 1
REQUIRE: ORE 118
REQUIRE: GRDG 10
REQUIRE: ORE 650
REQUIRE: KDJV 54
REQUIRE: DWKTF 84
REQUIRE: VCKL 80
REQUIRE: GRDG 18
REQUIRE: ORE 1170
REQUIRE: FVHTD 60
REQUIRE: PGZGQ 84
REQUIRE: WBRL 12
REQUIRE: ORE 200
REQUIRE: FPMPB 132
REQUIRE: ORE 4320
REQUIRE: VCKL 56
REQUIRE: GRDG 14
REQUIRE: ORE 910
REQUIRE: XFPVS 6
REQUIRE: WZJB 3
REQUIRE: FVHTD 1
REQUIRE: PGZGQ 7
REQUIRE: WBRL 1
REQUIRE: ORE 100
REQUIRE: FPMPB 11
REQUIRE: ORE 480
REQUIRE: NXNR 1
REQUIRE: PRKPC 5
REQUIRE: SQLH 3
REQUIRE: DWKTF 12
REQUIRE: VCKL 16
REQUIRE: GRDG 4
REQUIRE: ORE 260
REQUIRE: FVHTD 12
REQUIRE: PGZGQ 21
REQUIRE: WBRL 3
REQUIRE: ORE 100
REQUIRE: FPMPB 33
REQUIRE: ORE 1120
REQUIRE: LBQV 22
REQUIRE: ZPNKQ 5
REQUIRE: PGZGQ 4
REQUIRE: WBRL 1
REQUIRE: ORE 100
REQUIRE: FPMPB 11
REQUIRE: ORE 480
REQUIRE: VCKL 2
REQUIRE: GRDG 2
REQUIRE: ORE 130
REQUIRE: BCVLZ 5
REQUIRE: FVHTD 30
REQUIRE: PGZGQ 42
REQUIRE: WBRL 6
REQUIRE: ORE 100
REQUIRE: FPMPB 66
REQUIRE: ORE 2240
REQUIRE: HBGFL 4
REQUIRE: PGZGQ 5
REQUIRE: WBRL 1
REQUIRE: ORE 100
REQUIRE: FPMPB 11
REQUIRE: ORE 480
REQUIRE: TBDH 1
REQUIRE: LMSCR 1
REQUIRE: ORE 118
REQUIRE: GRDG 10
REQUIRE: ORE 650
REQUIRE: RBGJQ 6
REQUIRE: WZJB 32
REQUIRE: FVHTD 4
REQUIRE: PGZGQ 7
REQUIRE: WBRL 1
REQUIRE: ORE 100
REQUIRE: FPMPB 11
REQUIRE: ORE 480
REQUIRE: NVPW 78
REQUIRE: TWSRV 20
REQUIRE: BCVLZ 15
REQUIRE: FVHTD 60
REQUIRE: PGZGQ 84
REQUIRE: WBRL 12
REQUIRE: ORE 200
REQUIRE: FPMPB 132
REQUIRE: ORE 4320
REQUIRE: HBGFL 8
REQUIRE: PGZGQ 5
REQUIRE: WBRL 1
REQUIRE: ORE 100
REQUIRE: FPMPB 11
REQUIRE: ORE 480
REQUIRE: TBDH 1
REQUIRE: LMSCR 1
REQUIRE: ORE 118
REQUIRE: GRDG 10
REQUIRE: ORE 650
REQUIRE: LBQV 12
REQUIRE: ZPNKQ 3
REQUIRE: PGZGQ 2
REQUIRE: WBRL 1
REQUIRE: ORE 100
REQUIRE: FPMPB 11
REQUIRE: ORE 480
REQUIRE: VCKL 1
REQUIRE: GRDG 2
REQUIRE: ORE 130
REQUIRE: GZJM 273
REQUIRE: WZJB 137
REQUIRE: FVHTD 16
REQUIRE: PGZGQ 28
REQUIRE: WBRL 4
REQUIRE: ORE 100
REQUIRE: FPMPB 44
REQUIRE: ORE 1440
REQUIRE: FBTV 13
REQUIRE: LCZBD 10
REQUIRE: SQLH 18
REQUIRE: DWKTF 54
REQUIRE: VCKL 48
REQUIRE: GRDG 12
REQUIRE: ORE 780
REQUIRE: FVHTD 36
REQUIRE: PGZGQ 56
REQUIRE: WBRL 8
REQUIRE: ORE 200
REQUIRE: FPMPB 88
REQUIRE: ORE 2880
REQUIRE: NLSNB 13
REQUIRE: HZPRB 6
REQUIRE: GWBDR 2
REQUIRE: LBQV 1
REQUIRE: ZPNKQ 1
REQUIRE: PGZGQ 2
REQUIRE: WBRL 1
REQUIRE: ORE 100
REQUIRE: FPMPB 11
REQUIRE: ORE 480
REQUIRE: VCKL 1
REQUIRE: GRDG 2
REQUIRE: ORE 130
REQUIRE: JCDML 9
REQUIRE: JPCPK 14
REQUIRE: WBQC 2
REQUIRE: VCKL 9
REQUIRE: GRDG 2
REQUIRE: ORE 130
REQUIRE: ZPNKQ 2
REQUIRE: PGZGQ 2
REQUIRE: WBRL 1
REQUIRE: ORE 100
REQUIRE: FPMPB 11
REQUIRE: ORE 480
REQUIRE: VCKL 1
REQUIRE: GRDG 2
REQUIRE: ORE 130
REQUIRE: MBQC 2
REQUIRE: BJRSZ 2
REQUIRE: XFPVS 1
REQUIRE: WZJB 3
REQUIRE: FVHTD 1
REQUIRE: PGZGQ 7
REQUIRE: WBRL 1
REQUIRE: ORE 100
REQUIRE: FPMPB 11
REQUIRE: ORE 480
REQUIRE: NXNR 1
REQUIRE: PRKPC 5
REQUIRE: SQLH 3
REQUIRE: DWKTF 12
REQUIRE: VCKL 16
REQUIRE: GRDG 4
REQUIRE: ORE 260
REQUIRE: FVHTD 12
REQUIRE: PGZGQ 21
REQUIRE: WBRL 3
REQUIRE: ORE 100
REQUIRE: FPMPB 33
REQUIRE: ORE 1120
REQUIRE: LBQV 22
REQUIRE: ZPNKQ 5
REQUIRE: PGZGQ 4
REQUIRE: WBRL 1
REQUIRE: ORE 100
REQUIRE: FPMPB 11
REQUIRE: ORE 480
REQUIRE: VCKL 2
REQUIRE: GRDG 2
REQUIRE: ORE 130
REQUIRE: BCVLZ 5
REQUIRE: FVHTD 30
REQUIRE: PGZGQ 42
REQUIRE: WBRL 6
REQUIRE: ORE 100
REQUIRE: FPMPB 66
REQUIRE: ORE 2240
REQUIRE: HBGFL 4
REQUIRE: PGZGQ 5
REQUIRE: WBRL 1
REQUIRE: ORE 100
REQUIRE: FPMPB 11
REQUIRE: ORE 480
REQUIRE: TBDH 1
REQUIRE: LMSCR 1
REQUIRE: ORE 118
REQUIRE: GRDG 10
REQUIRE: ORE 650
REQUIRE: PGZGQ 1
REQUIRE: WBRL 1
REQUIRE: ORE 100
REQUIRE: FPMPB 11
REQUIRE: ORE 480
REQUIRE: NXNR 3
REQUIRE: PRKPC 5
REQUIRE: SQLH 3
REQUIRE: DWKTF 12
REQUIRE: VCKL 16
REQUIRE: GRDG 4
REQUIRE: ORE 260
REQUIRE: FVHTD 12
REQUIRE: PGZGQ 21
REQUIRE: WBRL 3
REQUIRE: ORE 100
REQUIRE: FPMPB 33
REQUIRE: ORE 1120
REQUIRE: LBQV 22
REQUIRE: ZPNKQ 5
REQUIRE: PGZGQ 4
REQUIRE: WBRL 1
REQUIRE: ORE 100
REQUIRE: FPMPB 11
REQUIRE: ORE 480
REQUIRE: VCKL 2
REQUIRE: GRDG 2
REQUIRE: ORE 130
REQUIRE: BCVLZ 5
REQUIRE: FVHTD 30
REQUIRE: PGZGQ 42
REQUIRE: WBRL 6
REQUIRE: ORE 100
REQUIRE: FPMPB 66
REQUIRE: ORE 2240
REQUIRE: HBGFL 4
REQUIRE: PGZGQ 5
REQUIRE: WBRL 1
REQUIRE: ORE 100
REQUIRE: FPMPB 11
REQUIRE: ORE 480
REQUIRE: TBDH 1
REQUIRE: LMSCR 1
REQUIRE: ORE 118
REQUIRE: GRDG 10
REQUIRE: ORE 650
REQUIRE: HFGCF 91
REQUIRE: JSQSB 285
REQUIRE: JCDML 32
REQUIRE: JPCPK 28
REQUIRE: WBQC 4
REQUIRE: VCKL 9
REQUIRE: GRDG 2
REQUIRE: ORE 130
REQUIRE: ZPNKQ 4
REQUIRE: PGZGQ 2
REQUIRE: WBRL 1
REQUIRE: ORE 100
REQUIRE: FPMPB 11
REQUIRE: ORE 480
REQUIRE: VCKL 1
REQUIRE: GRDG 2
REQUIRE: ORE 130
REQUIRE: TWSRV 64
REQUIRE: BCVLZ 50
REQUIRE: FVHTD 195
REQUIRE: PGZGQ 273
REQUIRE: WBRL 39
REQUIRE: ORE 600
REQUIRE: FPMPB 429
REQUIRE: ORE 13760
REQUIRE: HBGFL 26
REQUIRE: PGZGQ 20
REQUIRE: WBRL 3
REQUIRE: ORE 100
REQUIRE: FPMPB 33
REQUIRE: ORE 1120
REQUIRE: TBDH 4
REQUIRE: LMSCR 2
REQUIRE: ORE 118
REQUIRE: GRDG 20
REQUIRE: ORE 1300
REQUIRE: LBQV 40
REQUIRE: ZPNKQ 8
REQUIRE: PGZGQ 4
REQUIRE: WBRL 1
REQUIRE: ORE 100
REQUIRE: FPMPB 11
REQUIRE: ORE 480
REQUIRE: VCKL 2
REQUIRE: GRDG 2
REQUIRE: ORE 130
REQUIRE: SNPQ 39
REQUIRE: WZJB 15
REQUIRE: FVHTD 2
REQUIRE: PGZGQ 7
REQUIRE: WBRL 1
REQUIRE: ORE 100
REQUIRE: FPMPB 11
REQUIRE: ORE 480
REQUIRE: GFGS 5
REQUIRE: ZGZST 1
REQUIRE: JCDML 3
REQUIRE: JPCPK 7
REQUIRE: WBQC 1
REQUIRE: VCKL 9
REQUIRE: GRDG 2
REQUIRE: ORE 130
REQUIRE: ZPNKQ 1
REQUIRE: PGZGQ 2
REQUIRE: WBRL 1
REQUIRE: ORE 100
REQUIRE: FPMPB 11
REQUIRE: ORE 480
REQUIRE: VCKL 1
REQUIRE: GRDG 2
REQUIRE: ORE 130
REQUIRE: LCZBD 2
REQUIRE: SQLH 9
REQUIRE: DWKTF 30
REQUIRE: VCKL 32
REQUIRE: GRDG 8
REQUIRE: ORE 520
REQUIRE: FVHTD 24
REQUIRE: PGZGQ 35
REQUIRE: WBRL 5
REQUIRE: ORE 100
REQUIRE: FPMPB 55
REQUIRE: ORE 1760
REQUIRE: NXNR 5
REQUIRE: PRKPC 5
REQUIRE: SQLH 3
REQUIRE: DWKTF 12
REQUIRE: VCKL 16
REQUIRE: GRDG 4
REQUIRE: ORE 260
REQUIRE: FVHTD 12
REQUIRE: PGZGQ 21
REQUIRE: WBRL 3
REQUIRE: ORE 100
REQUIRE: FPMPB 33
REQUIRE: ORE 1120
REQUIRE: LBQV 22
REQUIRE: ZPNKQ 5
REQUIRE: PGZGQ 4
REQUIRE: WBRL 1
REQUIRE: ORE 100
REQUIRE: FPMPB 11
REQUIRE: ORE 480
REQUIRE: VCKL 2
REQUIRE: GRDG 2
REQUIRE: ORE 130
REQUIRE: BCVLZ 5
REQUIRE: FVHTD 30
REQUIRE: PGZGQ 42
REQUIRE: WBRL 6
REQUIRE: ORE 100
REQUIRE: FPMPB 66
REQUIRE: ORE 2240
REQUIRE: HBGFL 4
REQUIRE: PGZGQ 5
REQUIRE: WBRL 1
REQUIRE: ORE 100
REQUIRE: FPMPB 11
REQUIRE: ORE 480
REQUIRE: TBDH 1
REQUIRE: LMSCR 1
REQUIRE: ORE 118
REQUIRE: GRDG 10
REQUIRE: ORE 650
REQUIRE: MWSX 50
REQUIRE: RBGJQ 400
REQUIRE: WZJB 1600
REQUIRE: FVHTD 178
REQUIRE: PGZGQ 252
REQUIRE: WBRL 36
REQUIRE: ORE 600
REQUIRE: FPMPB 396
REQUIRE: ORE 12800
REQUIRE: FCDL 250
REQUIRE: SNVL 224
REQUIRE: BJRSZ 56
REQUIRE: XFPVS 14
REQUIRE: WZJB 9
REQUIRE: FVHTD 1
REQUIRE: PGZGQ 7
REQUIRE: WBRL 1
REQUIRE: ORE 100
REQUIRE: FPMPB 11
REQUIRE: ORE 480
REQUIRE: NXNR 3
REQUIRE: PRKPC 5
REQUIRE: SQLH 3
REQUIRE: DWKTF 12
REQUIRE: VCKL 16
REQUIRE: GRDG 4
REQUIRE: ORE 260
REQUIRE: FVHTD 12
REQUIRE: PGZGQ 21
REQUIRE: WBRL 3
REQUIRE: ORE 100
REQUIRE: FPMPB 33
REQUIRE: ORE 1120
REQUIRE: LBQV 22
REQUIRE: ZPNKQ 5
REQUIRE: PGZGQ 4
REQUIRE: WBRL 1
REQUIRE: ORE 100
REQUIRE: FPMPB 11
REQUIRE: ORE 480
REQUIRE: VCKL 2
REQUIRE: GRDG 2
REQUIRE: ORE 130
REQUIRE: BCVLZ 5
REQUIRE: FVHTD 30
REQUIRE: PGZGQ 42
REQUIRE: WBRL 6
REQUIRE: ORE 100
REQUIRE: FPMPB 66
REQUIRE: ORE 2240
REQUIRE: HBGFL 4
REQUIRE: PGZGQ 5
REQUIRE: WBRL 1
REQUIRE: ORE 100
REQUIRE: FPMPB 11
REQUIRE: ORE 480
REQUIRE: TBDH 1
REQUIRE: LMSCR 1
REQUIRE: ORE 118
REQUIRE: GRDG 10
REQUIRE: ORE 650
REQUIRE: KDJV 252
REQUIRE: DWKTF 378
REQUIRE: VCKL 336
REQUIRE: GRDG 76
REQUIRE: ORE 4940
REQUIRE: FVHTD 252
REQUIRE: PGZGQ 357
REQUIRE: WBRL 51
REQUIRE: ORE 800
REQUIRE: FPMPB 561
REQUIRE: ORE 18080
REQUIRE: VCKL 252
REQUIRE: GRDG 56
REQUIRE: ORE 3640
REQUIRE: XFPVS 28
REQUIRE: WZJB 15
REQUIRE: FVHTD 2
REQUIRE: PGZGQ 7
REQUIRE: WBRL 1
REQUIRE: ORE 100
REQUIRE: FPMPB 11
REQUIRE: ORE 480
REQUIRE: NXNR 5
REQUIRE: PRKPC 5
REQUIRE: SQLH 3
REQUIRE: DWKTF 12
REQUIRE: VCKL 16
REQUIRE: GRDG 4
REQUIRE: ORE 260
REQUIRE: FVHTD 12
REQUIRE: PGZGQ 21
REQUIRE: WBRL 3
REQUIRE: ORE 100
REQUIRE: FPMPB 33
REQUIRE: ORE 1120
REQUIRE: LBQV 22
REQUIRE: ZPNKQ 5
REQUIRE: PGZGQ 4
REQUIRE: WBRL 1
REQUIRE: ORE 100
REQUIRE: FPMPB 11
REQUIRE: ORE 480
REQUIRE: VCKL 2
REQUIRE: GRDG 2
REQUIRE: ORE 130
REQUIRE: BCVLZ 5
REQUIRE: FVHTD 30
REQUIRE: PGZGQ 42
REQUIRE: WBRL 6
REQUIRE: ORE 100
REQUIRE: FPMPB 66
REQUIRE: ORE 2240
REQUIRE: HBGFL 4
REQUIRE: PGZGQ 5
REQUIRE: WBRL 1
REQUIRE: ORE 100
REQUIRE: FPMPB 11
REQUIRE: ORE 480
REQUIRE: TBDH 1
REQUIRE: LMSCR 1
REQUIRE: ORE 118
REQUIRE: GRDG 10
REQUIRE: ORE 650
REQUIRE: RBGJQ 28
REQUIRE: WZJB 112
REQUIRE: FVHTD 13
REQUIRE: PGZGQ 21
REQUIRE: WBRL 3
REQUIRE: ORE 100
REQUIRE: FPMPB 33
REQUIRE: ORE 1120
REQUIRE: LWBQ 100
REQUIRE: ZGZST 500
REQUIRE: JCDML 501
REQUIRE: JPCPK 441
REQUIRE: WBQC 56
REQUIRE: VCKL 108
REQUIRE: GRDG 24
REQUIRE: ORE 1560
REQUIRE: ZPNKQ 56
REQUIRE: PGZGQ 28
REQUIRE: WBRL 4
REQUIRE: ORE 100
REQUIRE: FPMPB 44
REQUIRE: ORE 1440
REQUIRE: VCKL 14
REQUIRE: GRDG 4
REQUIRE: ORE 260
REQUIRE: SZCN 8
REQUIRE: GZJM 3
REQUIRE: WZJB 2
REQUIRE: FVHTD 1
REQUIRE: PGZGQ 7
REQUIRE: WBRL 1
REQUIRE: ORE 100
REQUIRE: FPMPB 11
REQUIRE: ORE 480
REQUIRE: CQFGM 6
REQUIRE: FCDL 1
REQUIRE: SNVL 8
REQUIRE: BJRSZ 2
REQUIRE: XFPVS 1
REQUIRE: WZJB 3
REQUIRE: FVHTD 1
REQUIRE: PGZGQ 7
REQUIRE: WBRL 1
REQUIRE: ORE 100
REQUIRE: FPMPB 11
REQUIRE: ORE 480
REQUIRE: NXNR 1
REQUIRE: PRKPC 5
REQUIRE: SQLH 3
REQUIRE: DWKTF 12
REQUIRE: VCKL 16
REQUIRE: GRDG 4
REQUIRE: ORE 260
REQUIRE: FVHTD 12
REQUIRE: PGZGQ 21
REQUIRE: WBRL 3
REQUIRE: ORE 100
REQUIRE: FPMPB 33
REQUIRE: ORE 1120
REQUIRE: LBQV 22
REQUIRE: ZPNKQ 5
REQUIRE: PGZGQ 4
REQUIRE: WBRL 1
REQUIRE: ORE 100
REQUIRE: FPMPB 11
REQUIRE: ORE 480
REQUIRE: VCKL 2
REQUIRE: GRDG 2
REQUIRE: ORE 130
REQUIRE: BCVLZ 5
REQUIRE: FVHTD 30
REQUIRE: PGZGQ 42
REQUIRE: WBRL 6
REQUIRE: ORE 100
REQUIRE: FPMPB 66
REQUIRE: ORE 2240
REQUIRE: HBGFL 4
REQUIRE: PGZGQ 5
REQUIRE: WBRL 1
REQUIRE: ORE 100
REQUIRE: FPMPB 11
REQUIRE: ORE 480
REQUIRE: TBDH 1
REQUIRE: LMSCR 1
REQUIRE: ORE 118
REQUIRE: GRDG 10
REQUIRE: ORE 650
REQUIRE: KDJV 9
REQUIRE: DWKTF 18
REQUIRE: VCKL 16
REQUIRE: GRDG 4
REQUIRE: ORE 260
REQUIRE: FVHTD 12
REQUIRE: PGZGQ 21
REQUIRE: WBRL 3
REQUIRE: ORE 100
REQUIRE: FPMPB 33
REQUIRE: ORE 1120
REQUIRE: VCKL 12
REQUIRE: GRDG 4
REQUIRE: ORE 260
REQUIRE: XFPVS 1
REQUIRE: WZJB 3
REQUIRE: FVHTD 1
REQUIRE: PGZGQ 7
REQUIRE: WBRL 1
REQUIRE: ORE 100
REQUIRE: FPMPB 11
REQUIRE: ORE 480
REQUIRE: NXNR 1
REQUIRE: PRKPC 5
REQUIRE: SQLH 3
REQUIRE: DWKTF 12
REQUIRE: VCKL 16
REQUIRE: GRDG 4
REQUIRE: ORE 260
REQUIRE: FVHTD 12
REQUIRE: PGZGQ 21
REQUIRE: WBRL 3
REQUIRE: ORE 100
REQUIRE: FPMPB 33
REQUIRE: ORE 1120
REQUIRE: LBQV 22
REQUIRE: ZPNKQ 5
REQUIRE: PGZGQ 4
REQUIRE: WBRL 1
REQUIRE: ORE 100
REQUIRE: FPMPB 11
REQUIRE: ORE 480
REQUIRE: VCKL 2
REQUIRE: GRDG 2
REQUIRE: ORE 130
REQUIRE: BCVLZ 5
REQUIRE: FVHTD 30
REQUIRE: PGZGQ 42
REQUIRE: WBRL 6
REQUIRE: ORE 100
REQUIRE: FPMPB 66
REQUIRE: ORE 2240
REQUIRE: HBGFL 4
REQUIRE: PGZGQ 5
REQUIRE: WBRL 1
REQUIRE: ORE 100
REQUIRE: FPMPB 11
REQUIRE: ORE 480
REQUIRE: TBDH 1
REQUIRE: LMSCR 1
REQUIRE: ORE 118
REQUIRE: GRDG 10
REQUIRE: ORE 650
REQUIRE: RBGJQ 1
REQUIRE: WZJB 16
REQUIRE: FVHTD 2
REQUIRE: PGZGQ 7
REQUIRE: WBRL 1
REQUIRE: ORE 100
REQUIRE: FPMPB 11
REQUIRE: ORE 480
REQUIRE: SNPQ 60
REQUIRE: WZJB 21
REQUIRE: FVHTD 3
REQUIRE: PGZGQ 7
REQUIRE: WBRL 1
REQUIRE: ORE 100
REQUIRE: FPMPB 11
REQUIRE: ORE 480
REQUIRE: GFGS 7
REQUIRE: ZGZST 1
REQUIRE: JCDML 3
REQUIRE: JPCPK 7
REQUIRE: WBQC 1
REQUIRE: VCKL 9
REQUIRE: GRDG 2
REQUIRE: ORE 130
REQUIRE: ZPNKQ 1
REQUIRE: PGZGQ 2
REQUIRE: WBRL 1
REQUIRE: ORE 100
REQUIRE: FPMPB 11
REQUIRE: ORE 480
REQUIRE: VCKL 1
REQUIRE: GRDG 2
REQUIRE: ORE 130
REQUIRE: LCZBD 2
REQUIRE: SQLH 9
REQUIRE: DWKTF 30
REQUIRE: VCKL 32
REQUIRE: GRDG 8
REQUIRE: ORE 520
REQUIRE: FVHTD 24
REQUIRE: PGZGQ 35
REQUIRE: WBRL 5
REQUIRE: ORE 100
REQUIRE: FPMPB 55
REQUIRE: ORE 1760
REQUIRE: NXNR 7
REQUIRE: PRKPC 5
REQUIRE: SQLH 3
REQUIRE: DWKTF 12
REQUIRE: VCKL 16
REQUIRE: GRDG 4
REQUIRE: ORE 260
REQUIRE: FVHTD 12
REQUIRE: PGZGQ 21
REQUIRE: WBRL 3
REQUIRE: ORE 100
REQUIRE: FPMPB 33
REQUIRE: ORE 1120
REQUIRE: LBQV 22
REQUIRE: ZPNKQ 5
REQUIRE: PGZGQ 4
REQUIRE: WBRL 1
REQUIRE: ORE 100
REQUIRE: FPMPB 11
REQUIRE: ORE 480
REQUIRE: VCKL 2
REQUIRE: GRDG 2
REQUIRE: ORE 130
REQUIRE: BCVLZ 5
REQUIRE: FVHTD 30
REQUIRE: PGZGQ 42
REQUIRE: WBRL 6
REQUIRE: ORE 100
REQUIRE: FPMPB 66
REQUIRE: ORE 2240
REQUIRE: HBGFL 4
REQUIRE: PGZGQ 5
REQUIRE: WBRL 1
REQUIRE: ORE 100
REQUIRE: FPMPB 11
REQUIRE: ORE 480
REQUIRE: TBDH 1
REQUIRE: LMSCR 1
REQUIRE: ORE 118
REQUIRE: GRDG 10
REQUIRE: ORE 650
REQUIRE: RVQG 21
REQUIRE: GFGS 24
REQUIRE: ZGZST 4
REQUIRE: JCDML 6
REQUIRE: JPCPK 7
REQUIRE: WBQC 1
REQUIRE: VCKL 9
REQUIRE: GRDG 2
REQUIRE: ORE 130
REQUIRE: ZPNKQ 1
REQUIRE: PGZGQ 2
REQUIRE: WBRL 1
REQUIRE: ORE 100
REQUIRE: FPMPB 11
REQUIRE: ORE 480
REQUIRE: VCKL 1
REQUIRE: GRDG 2
REQUIRE: ORE 130
REQUIRE: LCZBD 8
REQUIRE: SQLH 18
REQUIRE: DWKTF 54
REQUIRE: VCKL 48
REQUIRE: GRDG 12
REQUIRE: ORE 780
REQUIRE: FVHTD 36
REQUIRE: PGZGQ 56
REQUIRE: WBRL 8
REQUIRE: ORE 200
REQUIRE: FPMPB 88
REQUIRE: ORE 2880
REQUIRE: FBTV 9
REQUIRE: LCZBD 6
REQUIRE: SQLH 18
REQUIRE: DWKTF 54
REQUIRE: VCKL 48
REQUIRE: GRDG 12
REQUIRE: ORE 780
REQUIRE: FVHTD 36
REQUIRE: PGZGQ 56
REQUIRE: WBRL 8
REQUIRE: ORE 200
REQUIRE: FPMPB 88
REQUIRE: ORE 2880
REQUIRE: SQLH 81
REQUIRE: DWKTF 246
REQUIRE: VCKL 224
REQUIRE: GRDG 50
REQUIRE: ORE 3250
REQUIRE: FVHTD 168
REQUIRE: PGZGQ 238
REQUIRE: WBRL 34
REQUIRE: ORE 500
REQUIRE: FPMPB 374
REQUIRE: ORE 12000
REQUIRE: HFGCF 30
REQUIRE: JSQSB 90
REQUIRE: JCDML 10
REQUIRE: JPCPK 14
REQUIRE: WBQC 2
REQUIRE: VCKL 9
REQUIRE: GRDG 2
REQUIRE: ORE 130
REQUIRE: ZPNKQ 2
REQUIRE: PGZGQ 2
REQUIRE: WBRL 1
REQUIRE: ORE 100
REQUIRE: FPMPB 11
REQUIRE: ORE 480
REQUIRE: VCKL 1
REQUIRE: GRDG 2
REQUIRE: ORE 130
REQUIRE: TWSRV 20
REQUIRE: BCVLZ 15
REQUIRE: FVHTD 60
REQUIRE: PGZGQ 84
REQUIRE: WBRL 12
REQUIRE: ORE 200
REQUIRE: FPMPB 132
REQUIRE: ORE 4320
REQUIRE: HBGFL 8
REQUIRE: PGZGQ 5
REQUIRE: WBRL 1
REQUIRE: ORE 100
REQUIRE: FPMPB 11
REQUIRE: ORE 480
REQUIRE: TBDH 1
REQUIRE: LMSCR 1
REQUIRE: ORE 118
REQUIRE: GRDG 10
REQUIRE: ORE 650
REQUIRE: LBQV 12
REQUIRE: ZPNKQ 3
REQUIRE: PGZGQ 2
REQUIRE: WBRL 1
REQUIRE: ORE 100
REQUIRE: FPMPB 11
REQUIRE: ORE 480
REQUIRE: VCKL 1
REQUIRE: GRDG 2
REQUIRE: ORE 130
REQUIRE: ZQCH 9
REQUIRE: RVQG 6
REQUIRE: GFGS 8
REQUIRE: ZGZST 2
REQUIRE: JCDML 3
REQUIRE: JPCPK 7
REQUIRE: WBQC 1
REQUIRE: VCKL 9
REQUIRE: GRDG 2
REQUIRE: ORE 130
REQUIRE: ZPNKQ 1
REQUIRE: PGZGQ 2
REQUIRE: WBRL 1
REQUIRE: ORE 100
REQUIRE: FPMPB 11
REQUIRE: ORE 480
REQUIRE: VCKL 1
REQUIRE: GRDG 2
REQUIRE: ORE 130
REQUIRE: LCZBD 4
REQUIRE: SQLH 9
REQUIRE: DWKTF 30
REQUIRE: VCKL 32
REQUIRE: GRDG 8
REQUIRE: ORE 520
REQUIRE: FVHTD 24
REQUIRE: PGZGQ 35
REQUIRE: WBRL 5
REQUIRE: ORE 100
REQUIRE: FPMPB 55
REQUIRE: ORE 1760
part one answer =  298216
